<?xml version="1.0" encoding="UTF-8"?>
<!-- Generated by org.testng.reporters.JUnitXMLReporter -->
<testsuite ignored="0" hostname="RAJAVARDHAN" failures="0" tests="8" name="Default test" time="44.709" errors="0" timestamp="2024-07-30T22:11:03 IST">
  <testcase classname="com.luma.test.CheckoutPageTest" name="clickOnGearTest" time="2.289"/>
  <testcase classname="com.luma.test.CheckoutPageTest" name="clickOnFitnessTest" time="2.201"/>
  <testcase classname="com.luma.test.CheckoutPageTest" name="clickOnImgTest" time="2.289"/>
  <testcase classname="com.luma.test.CheckoutPageTest" name="addToCartTest" time="0.175"/>
  <testcase classname="com.luma.test.CheckoutPageTest" name="clickOnCartTest" time="0.251"/>
  <testcase classname="com.luma.test.CheckoutPageTest" name="clickOnCheckOutTest" time="7.72"/>
  <testcase classname="com.luma.test.CheckoutPageTest" name="clickOnNextTest" time="3.147"/>
  <testcase classname="com.luma.test.CheckoutPageTest" name="clickOnPlaceTest" time="10.213"/>
</testsuite> <!-- Default test -->
