<?xml version="1.0" encoding="UTF-8"?>
<!-- Generated by org.testng.reporters.JUnitXMLReporter -->
<testsuite ignored="0" hostname="RAJAVARDHAN" failures="0" tests="32" name="Test" time="269.583" errors="0" timestamp="2024-07-31T18:40:37 IST">
  <testcase classname="com.luma.test.HoodiesPageTest" name="clickOnSaleTest" time="2.028"/>
  <testcase classname="com.luma.test.HoodiesPageTest" name="clickOnHoodiesTest" time="3.007"/>
  <testcase classname="com.luma.test.HoodiesPageTest" name="selectProductTest" time="5.961"/>
  <testcase classname="com.luma.test.HoodiesPageTest" name="addToCartTest" time="0.151"/>
  <testcase classname="com.luma.test.SignOutTest" name="signOutTest" time="6.982"/>
  <testcase classname="com.luma.test.AddressFillingPageTest" name="clickOnWelcomeTest" time="7.745"/>
  <testcase classname="com.luma.test.AddressFillingPageTest" name="clickOnAddressTest" time="4.186"/>
  <testcase classname="com.luma.test.AddressFillingPageTest" name="saveAddressTest" time="5.514"/>
  <testcase classname="com.luma.test.CheckoutPageTest" name="clickOnGearTest" time="3.959"/>
  <testcase classname="com.luma.test.CheckoutPageTest" name="clickOnFitnessTest" time="1.906"/>
  <testcase classname="com.luma.test.CheckoutPageTest" name="clickOnImgTest" time="2.022"/>
  <testcase classname="com.luma.test.CheckoutPageTest" name="addToCartTest" time="0.215"/>
  <testcase classname="com.luma.test.CheckoutPageTest" name="clickOnCartTest" time="0.194"/>
  <testcase classname="com.luma.test.CheckoutPageTest" name="clickOnCheckOutTest" time="5.108"/>
  <testcase classname="com.luma.test.CheckoutPageTest" name="clickOnNextTest" time="5.185"/>
  <testcase classname="com.luma.test.CheckoutPageTest" name="clickOnPlaceTest" time="10.197"/>
  <testcase classname="com.luma.test.LoginPageTest" name="clickOnSignInTest" time="1.583"/>
  <testcase classname="com.luma.test.LoginPageTest" name="loginTest" time="4.909"/>
  <testcase classname="com.luma.test.AddReviewTest" name="searchTest" time="4.813"/>
  <testcase classname="com.luma.test.AddReviewTest" name="nextTest" time="2.589"/>
  <testcase classname="com.luma.test.AddReviewTest" name="clickTest" time="1.889"/>
  <testcase classname="com.luma.test.AddReviewTest" name="addReviewTest" time="0.176"/>
  <testcase classname="com.luma.test.AddToCartTest" name="clickOnYogaTest" time="3.875"/>
  <testcase classname="com.luma.test.AddToCartTest" name="sortByTest" time="4.42"/>
  <testcase classname="com.luma.test.AddToCartTest" name="addToCartTest" time="0.132"/>
  <testcase classname="com.luma.test.AddToCartTest" name="verifyAddToCartTitleTest" time="0.049"/>
  <testcase classname="com.luma.test.OpenWishlistTest" name="myWishlisttest" time="10.244"/>
  <testcase classname="com.luma.test.AddToWishlistTest" name="clickOnGearTest" time="3.103"/>
  <testcase classname="com.luma.test.AddToWishlistTest" name="clickOnBagsTest" time="1.943"/>
  <testcase classname="com.luma.test.AddToWishlistTest" name="Features" time="6.177"/>
  <testcase classname="com.luma.test.AddToWishlistTest" name="addToWishlistTest" time="2.265"/>
  <testcase classname="com.luma.test.CreateAccountTest" name="AccountCreationTest" time="7.318"/>
</testsuite> <!-- Test -->
