<?xml version="1.0" encoding="UTF-8"?>
<!-- Generated by org.testng.reporters.JUnitXMLReporter -->
<testsuite ignored="0" hostname="RAJAVARDHAN" failures="0" tests="32" name="Test" time="383.039" errors="0" timestamp="2024-07-30T22:34:09 IST">
  <testcase classname="com.luma.test.HoodiesPageTest" name="clickOnSaleTest" time="2.62"/>
  <testcase classname="com.luma.test.HoodiesPageTest" name="clickOnHoodiesTest" time="2.236"/>
  <testcase classname="com.luma.test.HoodiesPageTest" name="selectProductTest" time="3.16"/>
  <testcase classname="com.luma.test.HoodiesPageTest" name="addToCartTest" time="0.159"/>
  <testcase classname="com.luma.test.SignOutTest" name="signOutTest" time="7.102"/>
  <testcase classname="com.luma.test.AddressFillingPageTest" name="clickOnWelcomeTest" time="14.584"/>
  <testcase classname="com.luma.test.AddressFillingPageTest" name="clickOnAddressTest" time="18.641"/>
  <testcase classname="com.luma.test.AddressFillingPageTest" name="saveAddressTest" time="8.588"/>
  <testcase classname="com.luma.test.CheckoutPageTest" name="clickOnGearTest" time="3.539"/>
  <testcase classname="com.luma.test.CheckoutPageTest" name="clickOnFitnessTest" time="2.499"/>
  <testcase classname="com.luma.test.CheckoutPageTest" name="clickOnImgTest" time="1.937"/>
  <testcase classname="com.luma.test.CheckoutPageTest" name="addToCartTest" time="0.177"/>
  <testcase classname="com.luma.test.CheckoutPageTest" name="clickOnCartTest" time="0.237"/>
  <testcase classname="com.luma.test.CheckoutPageTest" name="clickOnCheckOutTest" time="3.527"/>
  <testcase classname="com.luma.test.CheckoutPageTest" name="clickOnNextTest" time="5.162"/>
  <testcase classname="com.luma.test.CheckoutPageTest" name="clickOnPlaceTest" time="10.172"/>
  <testcase classname="com.luma.test.LoginPageTest" name="clickOnSignInTest" time="2.737"/>
  <testcase classname="com.luma.test.LoginPageTest" name="loginTest" time="5.089"/>
  <testcase classname="com.luma.test.AddReviewTest" name="searchTest" time="6.008"/>
  <testcase classname="com.luma.test.AddReviewTest" name="nextTest" time="7.789"/>
  <testcase classname="com.luma.test.AddReviewTest" name="clickTest" time="8.196"/>
  <testcase classname="com.luma.test.AddReviewTest" name="addReviewTest" time="0.173"/>
  <testcase classname="com.luma.test.AddToCartTest" name="clickOnYogaTest" time="3.604"/>
  <testcase classname="com.luma.test.AddToCartTest" name="sortByTest" time="4.787"/>
  <testcase classname="com.luma.test.AddToCartTest" name="addToCartTest" time="0.231"/>
  <testcase classname="com.luma.test.AddToCartTest" name="verifyAddToCartTitleTest" time="0.041"/>
  <testcase classname="com.luma.test.OpenWishlistTest" name="myWishlisttest" time="10.207"/>
  <testcase classname="com.luma.test.AddToWishlistTest" name="clickOnGearTest" time="8.692"/>
  <testcase classname="com.luma.test.AddToWishlistTest" name="clickOnBagsTest" time="4.212"/>
  <testcase classname="com.luma.test.AddToWishlistTest" name="Features" time="54.037"/>
  <testcase classname="com.luma.test.AddToWishlistTest" name="addToWishlistTest" time="3.652"/>
  <testcase classname="com.luma.test.CreateAccountTest" name="AccountCreationTest" time="8.441"/>
</testsuite> <!-- Test -->
